[debug] [2019-04-14T09:01:29.461Z] ----------------------------------------------------------------------
[debug] [2019-04-14T09:01:29.463Z] Command:       /usr/local/bin/node /usr/local/bin/firebase deploy
[debug] [2019-04-14T09:01:29.463Z] CLI Version:   3.18.2
[debug] [2019-04-14T09:01:29.463Z] Platform:      darwin
[debug] [2019-04-14T09:01:29.463Z] Node Version:  v10.15.3
[debug] [2019-04-14T09:01:29.464Z] Time:          Sun Apr 14 2019 05:01:29 GMT-0400 (Eastern Daylight Time)
[debug] [2019-04-14T09:01:29.464Z] ----------------------------------------------------------------------
[debug] 
[debug] [2019-04-14T09:01:29.476Z] > command requires scopes: ["email","openid","https://www.googleapis.com/auth/cloudplatformprojects.readonly","https://www.googleapis.com/auth/firebase","https://www.googleapis.com/auth/cloud-platform"]
[debug] [2019-04-14T09:01:29.477Z] > authorizing via signed-in user
[debug] [2019-04-14T09:01:29.478Z] >>> HTTP REQUEST GET https://admin.firebase.com/v1/projects/vank-2e7f4  
  
 Sun Apr 14 2019 05:01:29 GMT-0400 (Eastern Daylight Time)
[debug] [2019-04-14T09:01:29.802Z] <<< HTTP RESPONSE 200
[debug] [2019-04-14T09:01:29.803Z] >>> HTTP REQUEST GET https://admin.firebase.com/v1/database/vank-2e7f4/tokens  
  
 Sun Apr 14 2019 05:01:29 GMT-0400 (Eastern Daylight Time)
[debug] [2019-04-14T09:01:30.095Z] <<< HTTP RESPONSE 200
[info] 
[info] === Deploying to 'vank-2e7f4'...
[info] 
[info] i  deploying firestore, hosting
[info] i  firestore: checking firestore.rules for compilation errors...
[debug] [2019-04-14T09:01:30.284Z] >>> HTTP REQUEST POST https://firebaserules.googleapis.com/v1/projects/vank-2e7f4:test  
 { source: { files: [ [Object] ] } } 
 Sun Apr 14 2019 05:01:30 GMT-0400 (Eastern Daylight Time)
[debug] [2019-04-14T09:01:30.448Z] <<< HTTP RESPONSE 200
[info] ✔  firestore: rules file firestore.rules compiled successfully
[info] i  firestore: uploading rules firestore.rules...
[debug] [2019-04-14T09:01:30.453Z] >>> HTTP REQUEST POST https://firebaserules.googleapis.com/v1/projects/vank-2e7f4/rulesets  
 { source: { files: [ [Object] ] } } 
 Sun Apr 14 2019 05:01:30 GMT-0400 (Eastern Daylight Time)
[debug] [2019-04-14T09:01:30.454Z] >>> HTTP REQUEST GET https://firestore.googleapis.com/v1beta1/projects/vank-2e7f4/databases/(default)/indexes  
  
 Sun Apr 14 2019 05:01:30 GMT-0400 (Eastern Daylight Time)
[debug] [2019-04-14T09:01:30.737Z] <<< HTTP RESPONSE 200
[debug] [2019-04-14T09:01:30.910Z] <<< HTTP RESPONSE 200
[debug] [2019-04-14T09:01:30.911Z] [rules] created ruleset projects/vank-2e7f4/rulesets/20542076-5270-4a0b-b893-893178e4c75e
[info] i  hosting: preparing dist directory for upload...
[warn] ⚠  Warning: Public directory does not contain index.html
[debug] [2019-04-14T09:01:31.636Z] >>> HTTP REQUEST PUT https://deploy.firebase.com/v1/hosting/vank-2e7f4/uploads/-LcQ47F8hj_Prte2Evy0?fileCount=16&message=  
  
 Sun Apr 14 2019 05:01:31 GMT-0400 (Eastern Daylight Time)
[debug] [2019-04-14T09:01:33.668Z] <<< HTTP RESPONSE 410
[debug] [2019-04-14T09:01:33.669Z] <<< HTTP RESPONSE BODY undefined
[debug] [2019-04-14T09:01:33.671Z] TypeError: Cannot read property 'error' of undefined
    at module.exports (/usr/local/lib/node_modules/firebase-tools/lib/responseToError.js:10:13)
    at Request._callback (/usr/local/lib/node_modules/firebase-tools/lib/api.js:45:25)
    at Request.self.callback (/usr/local/lib/node_modules/firebase-tools/node_modules/request/request.js:186:22)
    at Request.emit (events.js:189:13)
    at Request.EventEmitter.emit (domain.js:441:20)
    at Request.<anonymous> (/usr/local/lib/node_modules/firebase-tools/node_modules/request/request.js:1163:10)
    at Request.emit (events.js:189:13)
    at Request.EventEmitter.emit (domain.js:441:20)
    at IncomingMessage.<anonymous> (/usr/local/lib/node_modules/firebase-tools/node_modules/request/request.js:1085:12)
    at Object.onceWrapper (events.js:277:13)
[error] 
[error] Error: An unexpected error has occurred.
[debug] [2019-04-14T09:01:54.497Z] ----------------------------------------------------------------------
[debug] [2019-04-14T09:01:54.499Z] Command:       /usr/local/bin/node /usr/local/bin/firebase deploy
[debug] [2019-04-14T09:01:54.499Z] CLI Version:   3.18.2
[debug] [2019-04-14T09:01:54.499Z] Platform:      darwin
[debug] [2019-04-14T09:01:54.499Z] Node Version:  v10.15.3
[debug] [2019-04-14T09:01:54.500Z] Time:          Sun Apr 14 2019 05:01:54 GMT-0400 (Eastern Daylight Time)
[debug] [2019-04-14T09:01:54.500Z] ----------------------------------------------------------------------
[debug] 
[debug] [2019-04-14T09:01:54.512Z] > command requires scopes: ["email","openid","https://www.googleapis.com/auth/cloudplatformprojects.readonly","https://www.googleapis.com/auth/firebase","https://www.googleapis.com/auth/cloud-platform"]
[debug] [2019-04-14T09:01:54.512Z] > authorizing via signed-in user
[debug] [2019-04-14T09:01:54.514Z] >>> HTTP REQUEST GET https://admin.firebase.com/v1/projects/vank-2e7f4  
  
 Sun Apr 14 2019 05:01:54 GMT-0400 (Eastern Daylight Time)
[debug] [2019-04-14T09:01:54.793Z] <<< HTTP RESPONSE 200
[debug] [2019-04-14T09:01:54.794Z] >>> HTTP REQUEST GET https://admin.firebase.com/v1/database/vank-2e7f4/tokens  
  
 Sun Apr 14 2019 05:01:54 GMT-0400 (Eastern Daylight Time)
[debug] [2019-04-14T09:01:55.033Z] <<< HTTP RESPONSE 200
[info] 
[info] === Deploying to 'vank-2e7f4'...
[info] 
[info] i  deploying firestore, hosting
[info] i  firestore: checking firestore.rules for compilation errors...
[debug] [2019-04-14T09:01:55.221Z] >>> HTTP REQUEST POST https://firebaserules.googleapis.com/v1/projects/vank-2e7f4:test  
 { source: { files: [ [Object] ] } } 
 Sun Apr 14 2019 05:01:55 GMT-0400 (Eastern Daylight Time)
[debug] [2019-04-14T09:01:55.377Z] <<< HTTP RESPONSE 200
[info] ✔  firestore: rules file firestore.rules compiled successfully
[info] i  firestore: uploading rules firestore.rules...
[debug] [2019-04-14T09:01:55.382Z] >>> HTTP REQUEST POST https://firebaserules.googleapis.com/v1/projects/vank-2e7f4/rulesets  
 { source: { files: [ [Object] ] } } 
 Sun Apr 14 2019 05:01:55 GMT-0400 (Eastern Daylight Time)
[debug] [2019-04-14T09:01:55.383Z] >>> HTTP REQUEST GET https://firestore.googleapis.com/v1beta1/projects/vank-2e7f4/databases/(default)/indexes  
  
 Sun Apr 14 2019 05:01:55 GMT-0400 (Eastern Daylight Time)
[debug] [2019-04-14T09:01:55.682Z] <<< HTTP RESPONSE 200
[debug] [2019-04-14T09:01:55.682Z] [rules] created ruleset projects/vank-2e7f4/rulesets/31fccaeb-6184-478f-abb9-03618c76b079
[debug] [2019-04-14T09:01:55.734Z] <<< HTTP RESPONSE 200
[info] i  hosting: preparing dist directory for upload...
[warn] ⚠  Warning: Public directory does not contain index.html
[debug] [2019-04-14T09:01:56.469Z] >>> HTTP REQUEST PUT https://deploy.firebase.com/v1/hosting/vank-2e7f4/uploads/-LcQ4DKd_a1BMYXYljuN?fileCount=16&message=  
  
 Sun Apr 14 2019 05:01:56 GMT-0400 (Eastern Daylight Time)
[debug] [2019-04-14T09:01:58.514Z] <<< HTTP RESPONSE 410
[debug] [2019-04-14T09:01:58.514Z] <<< HTTP RESPONSE BODY undefined
[debug] [2019-04-14T09:01:58.516Z] TypeError: Cannot read property 'error' of undefined
    at module.exports (/usr/local/lib/node_modules/firebase-tools/lib/responseToError.js:10:13)
    at Request._callback (/usr/local/lib/node_modules/firebase-tools/lib/api.js:45:25)
    at Request.self.callback (/usr/local/lib/node_modules/firebase-tools/node_modules/request/request.js:186:22)
    at Request.emit (events.js:189:13)
    at Request.EventEmitter.emit (domain.js:441:20)
    at Request.<anonymous> (/usr/local/lib/node_modules/firebase-tools/node_modules/request/request.js:1163:10)
    at Request.emit (events.js:189:13)
    at Request.EventEmitter.emit (domain.js:441:20)
    at IncomingMessage.<anonymous> (/usr/local/lib/node_modules/firebase-tools/node_modules/request/request.js:1085:12)
    at Object.onceWrapper (events.js:277:13)
[error] 
[error] Error: An unexpected error has occurred.
[debug] [2019-04-14T09:02:23.313Z] ----------------------------------------------------------------------
[debug] [2019-04-14T09:02:23.315Z] Command:       /usr/local/bin/node /usr/local/bin/firebase deploy
[debug] [2019-04-14T09:02:23.315Z] CLI Version:   3.18.2
[debug] [2019-04-14T09:02:23.316Z] Platform:      darwin
[debug] [2019-04-14T09:02:23.316Z] Node Version:  v10.15.3
[debug] [2019-04-14T09:02:23.316Z] Time:          Sun Apr 14 2019 05:02:23 GMT-0400 (Eastern Daylight Time)
[debug] [2019-04-14T09:02:23.317Z] ----------------------------------------------------------------------
[debug] 
[debug] [2019-04-14T09:02:23.328Z] > command requires scopes: ["email","openid","https://www.googleapis.com/auth/cloudplatformprojects.readonly","https://www.googleapis.com/auth/firebase","https://www.googleapis.com/auth/cloud-platform"]
[debug] [2019-04-14T09:02:23.328Z] > authorizing via signed-in user
[debug] [2019-04-14T09:02:23.330Z] >>> HTTP REQUEST GET https://admin.firebase.com/v1/projects/vank-2e7f4  
  
 Sun Apr 14 2019 05:02:23 GMT-0400 (Eastern Daylight Time)
[debug] [2019-04-14T09:02:23.610Z] <<< HTTP RESPONSE 200
[debug] [2019-04-14T09:02:23.611Z] >>> HTTP REQUEST GET https://admin.firebase.com/v1/database/vank-2e7f4/tokens  
  
 Sun Apr 14 2019 05:02:23 GMT-0400 (Eastern Daylight Time)
[debug] [2019-04-14T09:02:23.862Z] <<< HTTP RESPONSE 200
[info] 
[info] === Deploying to 'vank-2e7f4'...
[info] 
[info] i  deploying firestore, hosting
[info] i  firestore: checking firestore.rules for compilation errors...
[debug] [2019-04-14T09:02:24.048Z] >>> HTTP REQUEST POST https://firebaserules.googleapis.com/v1/projects/vank-2e7f4:test  
 { source: { files: [ [Object] ] } } 
 Sun Apr 14 2019 05:02:24 GMT-0400 (Eastern Daylight Time)
[debug] [2019-04-14T09:02:24.189Z] <<< HTTP RESPONSE 200
[info] ✔  firestore: rules file firestore.rules compiled successfully
[info] i  firestore: uploading rules firestore.rules...
[debug] [2019-04-14T09:02:24.194Z] >>> HTTP REQUEST POST https://firebaserules.googleapis.com/v1/projects/vank-2e7f4/rulesets  
 { source: { files: [ [Object] ] } } 
 Sun Apr 14 2019 05:02:24 GMT-0400 (Eastern Daylight Time)
[debug] [2019-04-14T09:02:24.195Z] >>> HTTP REQUEST GET https://firestore.googleapis.com/v1beta1/projects/vank-2e7f4/databases/(default)/indexes  
  
 Sun Apr 14 2019 05:02:24 GMT-0400 (Eastern Daylight Time)
[debug] [2019-04-14T09:02:24.469Z] <<< HTTP RESPONSE 200
[debug] [2019-04-14T09:02:24.469Z] [rules] created ruleset projects/vank-2e7f4/rulesets/adfc55aa-940b-44b3-95e6-30fc70097e30
[debug] [2019-04-14T09:02:24.544Z] <<< HTTP RESPONSE 200
[info] i  hosting: preparing dist/bitcamp2019 directory for upload...
[debug] [2019-04-14T09:02:25.293Z] >>> HTTP REQUEST PUT https://deploy.firebase.com/v1/hosting/vank-2e7f4/uploads/-LcQ4KMqnJNxp_FDiWrB?fileCount=16&message=  
  
 Sun Apr 14 2019 05:02:25 GMT-0400 (Eastern Daylight Time)
[debug] [2019-04-14T09:02:27.631Z] <<< HTTP RESPONSE 410
[debug] [2019-04-14T09:02:27.631Z] <<< HTTP RESPONSE BODY undefined
[debug] [2019-04-14T09:02:27.633Z] TypeError: Cannot read property 'error' of undefined
    at module.exports (/usr/local/lib/node_modules/firebase-tools/lib/responseToError.js:10:13)
    at Request._callback (/usr/local/lib/node_modules/firebase-tools/lib/api.js:45:25)
    at Request.self.callback (/usr/local/lib/node_modules/firebase-tools/node_modules/request/request.js:186:22)
    at Request.emit (events.js:189:13)
    at Request.EventEmitter.emit (domain.js:441:20)
    at Request.<anonymous> (/usr/local/lib/node_modules/firebase-tools/node_modules/request/request.js:1163:10)
    at Request.emit (events.js:189:13)
    at Request.EventEmitter.emit (domain.js:441:20)
    at IncomingMessage.<anonymous> (/usr/local/lib/node_modules/firebase-tools/node_modules/request/request.js:1085:12)
    at Object.onceWrapper (events.js:277:13)
[error] 
[error] Error: An unexpected error has occurred.
[debug] [2019-04-14T09:02:47.087Z] ----------------------------------------------------------------------
[debug] [2019-04-14T09:02:47.089Z] Command:       /usr/local/bin/node /usr/local/bin/firebase deploy
[debug] [2019-04-14T09:02:47.089Z] CLI Version:   3.18.2
[debug] [2019-04-14T09:02:47.090Z] Platform:      darwin
[debug] [2019-04-14T09:02:47.090Z] Node Version:  v10.15.3
[debug] [2019-04-14T09:02:47.090Z] Time:          Sun Apr 14 2019 05:02:47 GMT-0400 (Eastern Daylight Time)
[debug] [2019-04-14T09:02:47.091Z] ----------------------------------------------------------------------
[debug] 
[debug] [2019-04-14T09:02:47.101Z] > command requires scopes: ["email","openid","https://www.googleapis.com/auth/cloudplatformprojects.readonly","https://www.googleapis.com/auth/firebase","https://www.googleapis.com/auth/cloud-platform"]
[debug] [2019-04-14T09:02:47.102Z] > authorizing via signed-in user
[debug] [2019-04-14T09:02:47.103Z] >>> HTTP REQUEST GET https://admin.firebase.com/v1/projects/vank-2e7f4  
  
 Sun Apr 14 2019 05:02:47 GMT-0400 (Eastern Daylight Time)
[debug] [2019-04-14T09:02:47.374Z] <<< HTTP RESPONSE 200
[debug] [2019-04-14T09:02:47.375Z] >>> HTTP REQUEST GET https://admin.firebase.com/v1/database/vank-2e7f4/tokens  
  
 Sun Apr 14 2019 05:02:47 GMT-0400 (Eastern Daylight Time)
[debug] [2019-04-14T09:02:47.614Z] <<< HTTP RESPONSE 200
[info] 
[info] === Deploying to 'vank-2e7f4'...
[info] 
[info] i  deploying firestore, hosting
[info] i  firestore: checking firestore.rules for compilation errors...
[debug] [2019-04-14T09:02:47.807Z] >>> HTTP REQUEST POST https://firebaserules.googleapis.com/v1/projects/vank-2e7f4:test  
 { source: { files: [ [Object] ] } } 
 Sun Apr 14 2019 05:02:47 GMT-0400 (Eastern Daylight Time)
[debug] [2019-04-14T09:02:47.980Z] <<< HTTP RESPONSE 200
[info] ✔  firestore: rules file firestore.rules compiled successfully
[info] i  firestore: uploading rules firestore.rules...
[debug] [2019-04-14T09:02:47.985Z] >>> HTTP REQUEST POST https://firebaserules.googleapis.com/v1/projects/vank-2e7f4/rulesets  
 { source: { files: [ [Object] ] } } 
 Sun Apr 14 2019 05:02:47 GMT-0400 (Eastern Daylight Time)
[debug] [2019-04-14T09:02:47.985Z] >>> HTTP REQUEST GET https://firestore.googleapis.com/v1beta1/projects/vank-2e7f4/databases/(default)/indexes  
  
 Sun Apr 14 2019 05:02:47 GMT-0400 (Eastern Daylight Time)
[debug] [2019-04-14T09:02:48.316Z] <<< HTTP RESPONSE 200
[debug] [2019-04-14T09:02:48.316Z] [rules] created ruleset projects/vank-2e7f4/rulesets/079dc326-6781-43ed-856c-3a448fe5fd9a
[debug] [2019-04-14T09:02:48.317Z] <<< HTTP RESPONSE 200
[info] i  hosting: preparing dist/bitcamp2019 directory for upload...
[debug] [2019-04-14T09:02:49.035Z] >>> HTTP REQUEST PUT https://deploy.firebase.com/v1/hosting/vank-2e7f4/uploads/-LcQ4QA_Z7G2kg-vdxKH?fileCount=16&message=  
  
 Sun Apr 14 2019 05:02:49 GMT-0400 (Eastern Daylight Time)
[debug] [2019-04-14T09:02:51.126Z] <<< HTTP RESPONSE 410
[debug] [2019-04-14T09:02:51.126Z] <<< HTTP RESPONSE BODY undefined
[debug] [2019-04-14T09:02:51.128Z] TypeError: Cannot read property 'error' of undefined
    at module.exports (/usr/local/lib/node_modules/firebase-tools/lib/responseToError.js:10:13)
    at Request._callback (/usr/local/lib/node_modules/firebase-tools/lib/api.js:45:25)
    at Request.self.callback (/usr/local/lib/node_modules/firebase-tools/node_modules/request/request.js:186:22)
    at Request.emit (events.js:189:13)
    at Request.EventEmitter.emit (domain.js:441:20)
    at Request.<anonymous> (/usr/local/lib/node_modules/firebase-tools/node_modules/request/request.js:1163:10)
    at Request.emit (events.js:189:13)
    at Request.EventEmitter.emit (domain.js:441:20)
    at IncomingMessage.<anonymous> (/usr/local/lib/node_modules/firebase-tools/node_modules/request/request.js:1085:12)
    at Object.onceWrapper (events.js:277:13)
[error] 
[error] Error: An unexpected error has occurred.
[debug] [2019-04-14T09:03:16.603Z] ----------------------------------------------------------------------
[debug] [2019-04-14T09:03:16.605Z] Command:       /usr/local/bin/node /usr/local/bin/firebase deploy
[debug] [2019-04-14T09:03:16.605Z] CLI Version:   3.18.2
[debug] [2019-04-14T09:03:16.605Z] Platform:      darwin
[debug] [2019-04-14T09:03:16.605Z] Node Version:  v10.15.3
[debug] [2019-04-14T09:03:16.606Z] Time:          Sun Apr 14 2019 05:03:16 GMT-0400 (Eastern Daylight Time)
[debug] [2019-04-14T09:03:16.606Z] ----------------------------------------------------------------------
[debug] 
[debug] [2019-04-14T09:03:16.617Z] > command requires scopes: ["email","openid","https://www.googleapis.com/auth/cloudplatformprojects.readonly","https://www.googleapis.com/auth/firebase","https://www.googleapis.com/auth/cloud-platform"]
[debug] [2019-04-14T09:03:16.618Z] > authorizing via signed-in user
[debug] [2019-04-14T09:03:16.620Z] >>> HTTP REQUEST GET https://admin.firebase.com/v1/projects/vank-2e7f4  
  
 Sun Apr 14 2019 05:03:16 GMT-0400 (Eastern Daylight Time)
[debug] [2019-04-14T09:03:16.942Z] <<< HTTP RESPONSE 200
[debug] [2019-04-14T09:03:16.943Z] >>> HTTP REQUEST GET https://admin.firebase.com/v1/database/vank-2e7f4/tokens  
  
 Sun Apr 14 2019 05:03:16 GMT-0400 (Eastern Daylight Time)
[debug] [2019-04-14T09:03:17.165Z] <<< HTTP RESPONSE 200
[info] 
[info] === Deploying to 'vank-2e7f4'...
[info] 
[info] i  deploying firestore, hosting
[info] i  firestore: checking firestore.rules for compilation errors...
[debug] [2019-04-14T09:03:17.354Z] >>> HTTP REQUEST POST https://firebaserules.googleapis.com/v1/projects/vank-2e7f4:test  
 { source: { files: [ [Object] ] } } 
 Sun Apr 14 2019 05:03:17 GMT-0400 (Eastern Daylight Time)
[debug] [2019-04-14T09:03:17.517Z] <<< HTTP RESPONSE 200
[info] ✔  firestore: rules file firestore.rules compiled successfully
[info] i  firestore: uploading rules firestore.rules...
[debug] [2019-04-14T09:03:17.522Z] >>> HTTP REQUEST POST https://firebaserules.googleapis.com/v1/projects/vank-2e7f4/rulesets  
 { source: { files: [ [Object] ] } } 
 Sun Apr 14 2019 05:03:17 GMT-0400 (Eastern Daylight Time)
[debug] [2019-04-14T09:03:17.523Z] >>> HTTP REQUEST GET https://firestore.googleapis.com/v1beta1/projects/vank-2e7f4/databases/(default)/indexes  
  
 Sun Apr 14 2019 05:03:17 GMT-0400 (Eastern Daylight Time)
[debug] [2019-04-14T09:03:17.789Z] <<< HTTP RESPONSE 200
[debug] [2019-04-14T09:03:17.790Z] [rules] created ruleset projects/vank-2e7f4/rulesets/463f82ac-fba2-4d61-b35e-892faf3f371e
[debug] [2019-04-14T09:03:17.857Z] <<< HTTP RESPONSE 200
[info] i  hosting: preparing dist/bitcamp2019 directory for upload...
[debug] [2019-04-14T09:03:18.571Z] >>> HTTP REQUEST PUT https://deploy.firebase.com/v1/hosting/vank-2e7f4/uploads/-LcQ4XO5f9GznCDE-gGo?fileCount=16&message=  
  
 Sun Apr 14 2019 05:03:18 GMT-0400 (Eastern Daylight Time)
[debug] [2019-04-14T09:03:20.728Z] <<< HTTP RESPONSE 410
[debug] [2019-04-14T09:03:20.728Z] <<< HTTP RESPONSE BODY undefined
[debug] [2019-04-14T09:03:20.730Z] TypeError: Cannot read property 'error' of undefined
    at module.exports (/usr/local/lib/node_modules/firebase-tools/lib/responseToError.js:10:13)
    at Request._callback (/usr/local/lib/node_modules/firebase-tools/lib/api.js:45:25)
    at Request.self.callback (/usr/local/lib/node_modules/firebase-tools/node_modules/request/request.js:186:22)
    at Request.emit (events.js:189:13)
    at Request.EventEmitter.emit (domain.js:441:20)
    at Request.<anonymous> (/usr/local/lib/node_modules/firebase-tools/node_modules/request/request.js:1163:10)
    at Request.emit (events.js:189:13)
    at Request.EventEmitter.emit (domain.js:441:20)
    at IncomingMessage.<anonymous> (/usr/local/lib/node_modules/firebase-tools/node_modules/request/request.js:1085:12)
    at Object.onceWrapper (events.js:277:13)
[error] 
[error] Error: An unexpected error has occurred.
